✅ Created 2dsphere index on users.location
✅ Created 2dsphere index on products.location
✅ Created index on products.seller,createdAt
✅ Connected to MongoDB
[GIN-debug] [WARNING] Creating an Engine instance with the Logger and Recovery middleware already attached.

[GIN-debug] [WARNING] Running in "debug" mode. Switch to "release" mode in production.
 - using env:	export GIN_MODE=release
 - using code:	gin.SetMode(gin.ReleaseMode)

[GIN-debug] GET    /uploads/*filepath        --> github.com/gin-gonic/gin.(*RouterGroup).createStaticHandler.func1 (4 handlers)
[GIN-debug] HEAD   /uploads/*filepath        --> github.com/gin-gonic/gin.(*RouterGroup).createStaticHandler.func1 (4 handlers)
[GIN-debug] GET    /api/health               --> main.main.func1 (4 handlers)
[GIN-debug] GET    /ws                       --> msme-marketplace/internal/websocket.(*Hub).HandleWebSocket-fm (4 handlers)
[GIN-debug] POST   /api/auth/register        --> msme-marketplace/internal/handlers.(*AuthHandler).Register-fm (4 handlers)
[GIN-debug] POST   /api/auth/login           --> msme-marketplace/internal/handlers.(*AuthHandler).Login-fm (4 handlers)
[GIN-debug] PUT    /api/auth/profile         --> msme-marketplace/internal/handlers.(*AuthHandler).UpdateProfile-fm (5 handlers)
[GIN-debug] GET    /api/users/profile        --> msme-marketplace/internal/handlers.(*UserHandler).GetProfile-fm (5 handlers)
[GIN-debug] PUT    /api/users/profile        --> msme-marketplace/internal/handlers.(*UserHandler).UpdateProfile-fm (5 handlers)
[GIN-debug] GET    /api/users/saved-products --> msme-marketplace/internal/handlers.(*UserHandler).GetSavedProducts-fm (5 handlers)
[GIN-debug] POST   /api/users/saved-products/:productId --> msme-marketplace/internal/handlers.(*UserHandler).SaveProduct-fm (5 handlers)
[GIN-debug] DELETE /api/users/saved-products/:productId --> msme-marketplace/internal/handlers.(*UserHandler).UnsaveProduct-fm (5 handlers)
[GIN-debug] GET    /api/users/saved-products/check/:productId --> msme-marketplace/internal/handlers.(*UserHandler).CheckSavedProduct-fm (5 handlers)
[GIN-debug] GET    /api/users/membership/status --> msme-marketplace/internal/handlers.(*UserHandler).GetMembershipStatus-fm (5 handlers)
[GIN-debug] POST   /api/users/membership/payment --> msme-marketplace/internal/handlers.(*UserHandler).SubmitMembershipPayment-fm (5 handlers)
[GIN-debug] GET    /api/admin/membership/pending --> msme-marketplace/internal/handlers.(*UserHandler).GetPendingMemberships-fm (5 handlers)
[GIN-debug] POST   /api/admin/membership/approve/:memberId --> msme-marketplace/internal/handlers.(*UserHandler).ApproveMembership-fm (5 handlers)
[GIN-debug] POST   /api/admin/membership/reject/:memberId --> msme-marketplace/internal/handlers.(*UserHandler).RejectMembership-fm (5 handlers)
[GIN-debug] POST   /api/admin/membership/extend/:memberId --> msme-marketplace/internal/handlers.(*UserHandler).ExtendMembership-fm (5 handlers)
[GIN-debug] GET    /api/users/sellers/count  --> msme-marketplace/internal/handlers.(*UserHandler).GetSellersCount-fm (4 handlers)
[GIN-debug] GET    /api/users/nearby-sellers --> msme-marketplace/internal/handlers.(*UserHandler).GetNearbySellers-fm (4 handlers)
[GIN-debug] GET    /api/users/seller/:id     --> msme-marketplace/internal/handlers.(*UserHandler).GetSellerByID-fm (4 handlers)
[GIN-debug] GET    /api/navigation/route     --> msme-marketplace/internal/handlers.(*NavigationHandler).GetRoute-fm (4 handlers)
[GIN-debug] GET    /api/products/            --> msme-marketplace/internal/handlers.(*ProductHandler).GetProducts-fm (4 handlers)
[GIN-debug] GET    /api/products/categories/counts --> msme-marketplace/internal/handlers.(*ProductHandler).GetCategoryCounts-fm (4 handlers)
[GIN-debug] GET    /api/products/seller/:sellerId --> msme-marketplace/internal/handlers.(*ProductHandler).GetProductsBySeller-fm (4 handlers)
[GIN-debug] GET    /api/products/:id         --> msme-marketplace/internal/handlers.(*ProductHandler).GetProductByID-fm (4 handlers)
[GIN-debug] POST   /api/products/            --> msme-marketplace/internal/handlers.(*ProductHandler).CreateProduct-fm (5 handlers)
[GIN-debug] PUT    /api/products/:id         --> msme-marketplace/internal/handlers.(*ProductHandler).UpdateProduct-fm (5 handlers)
[GIN-debug] DELETE /api/products/:id         --> msme-marketplace/internal/handlers.(*ProductHandler).DeleteProduct-fm (5 handlers)
[GIN-debug] GET    /api/products/my-products --> msme-marketplace/internal/handlers.(*ProductHandler).GetMyProducts-fm (5 handlers)
[GIN-debug] POST   /api/product-images/process --> msme-marketplace/internal/handlers.(*ProductImageHandler).ProcessImage-fm (5 handlers)
[GIN-debug] DELETE /api/product-images/cleanup --> msme-marketplace/internal/handlers.(*ProductImageHandler).Cleanup-fm (5 handlers)
[GIN-debug] GET    /api/orders/my-orders     --> msme-marketplace/internal/handlers.(*OrderHandler).GetMyOrders-fm (5 handlers)
[GIN-debug] GET    /api/orders/:id           --> msme-marketplace/internal/handlers.(*OrderHandler).GetOrderByID-fm (5 handlers)
[GIN-debug] PUT    /api/orders/:id/status    --> msme-marketplace/internal/handlers.(*OrderHandler).UpdateOrderStatus-fm (5 handlers)
[GIN-debug] PUT    /api/orders/:id/payment   --> msme-marketplace/internal/handlers.(*OrderHandler).UpdatePayment-fm (5 handlers)
[GIN-debug] PUT    /api/orders/:id/seller-response --> msme-marketplace/internal/handlers.(*OrderHandler).SellerResponse-fm (5 handlers)
[GIN-debug] PUT    /api/orders/:id/buyer-confirm --> msme-marketplace/internal/handlers.(*OrderHandler).BuyerConfirm-fm (5 handlers)
[GIN-debug] GET    /api/orders/:id/chat-room --> msme-marketplace/internal/handlers.(*OrderHandler).GetOrderChatRoom-fm (5 handlers)
[GIN-debug] GET    /api/orders/seller/product-tracking --> msme-marketplace/internal/handlers.(*OrderHandler).GetProductTracking-fm (5 handlers)
[GIN-debug] POST   /api/orders/:id/driver/location --> msme-marketplace/internal/handlers.(*OrderHandler).UpdateDriverLocation-fm (5 handlers)
[GIN-debug] GET    /api/orders/:id/driver/location --> msme-marketplace/internal/handlers.(*OrderHandler).GetDriverLocation-fm (5 handlers)
[GIN-debug] POST   /api/orders/:id/driver/assign --> msme-marketplace/internal/handlers.(*OrderHandler).AssignDriver-fm (5 handlers)
[GIN-debug] POST   /api/orders/              --> msme-marketplace/internal/handlers.(*OrderHandler).CreateOrder-fm (5 handlers)
[GIN-debug] POST   /api/driver/toggle        --> msme-marketplace/internal/handlers.(*DriverHandler).ToggleDriverMode-fm (5 handlers)
[GIN-debug] GET    /api/driver/profile       --> msme-marketplace/internal/handlers.(*DriverHandler).GetDriverProfile-fm (5 handlers)
[GIN-debug] PUT    /api/driver/profile       --> msme-marketplace/internal/handlers.(*DriverHandler).UpdateDriverProfile-fm (5 handlers)
[GIN-debug] PUT    /api/driver/location      --> msme-marketplace/internal/handlers.(*DriverHandler).UpdateDriverLocation-fm (5 handlers)
[GIN-debug] PUT    /api/driver/push-token    --> msme-marketplace/internal/handlers.(*DriverHandler).SavePushToken-fm (5 handlers)
[GIN-debug] GET    /api/driver/stats         --> msme-marketplace/internal/handlers.(*DriverHandler).GetDriverStats-fm (5 handlers)
[GIN-debug] GET    /api/driver/available-orders --> msme-marketplace/internal/handlers.(*DriverHandler).GetAvailableOrders-fm (5 handlers)
[GIN-debug] POST   /api/driver/claim/:id     --> msme-marketplace/internal/handlers.(*DriverHandler).ClaimOrder-fm (5 handlers)
[GIN-debug] GET    /api/driver/active-delivery --> msme-marketplace/internal/handlers.(*DriverHandler).GetActiveDelivery-fm (5 handlers)
[GIN-debug] POST   /api/driver/status/:id    --> msme-marketplace/internal/handlers.(*DriverHandler).UpdateDeliveryStatus-fm (5 handlers)
[GIN-debug] POST   /api/driver/complete/:id  --> msme-marketplace/internal/handlers.(*DriverHandler).CompleteDelivery-fm (5 handlers)
[GIN-debug] GET    /api/driver/history       --> msme-marketplace/internal/handlers.(*DriverHandler).GetDeliveryHistory-fm (5 handlers)
[GIN-debug] GET    /api/driver/earnings      --> msme-marketplace/internal/handlers.(*DriverHandler).GetEarningsHistory-fm (5 handlers)
[GIN-debug] POST   /api/driver-rating/:orderId --> msme-marketplace/internal/handlers.(*DriverHandler).RateDriver-fm (5 handlers)
[GIN-debug] POST   /api/chat/rooms           --> msme-marketplace/internal/handlers.(*ChatHandler).CreateChatRoom-fm (5 handlers)
[GIN-debug] POST   /api/chat/rooms/direct    --> msme-marketplace/internal/handlers.(*ChatHandler).CreateDirectChatRoom-fm (5 handlers)
[GIN-debug] GET    /api/chat/rooms           --> msme-marketplace/internal/handlers.(*ChatHandler).GetChatRooms-fm (5 handlers)
[GIN-debug] GET    /api/chat/rooms/direct/my-stores --> msme-marketplace/internal/handlers.(*ChatHandler).GetMyStores-fm (5 handlers)
[GIN-debug] GET    /api/chat/rooms/direct/my-customers --> msme-marketplace/internal/handlers.(*ChatHandler).GetMyCustomers-fm (5 handlers)
[GIN-debug] GET    /api/chat/rooms/:roomId/messages --> msme-marketplace/internal/handlers.(*ChatHandler).GetMessages-fm (5 handlers)
[GIN-debug] POST   /api/chat/rooms/:roomId/messages --> msme-marketplace/internal/handlers.(*ChatHandler).SendMessage-fm (5 handlers)
[GIN-debug] GET    /api/chat/rooms/:roomId/unread-count --> msme-marketplace/internal/handlers.(*ChatHandler).GetUnreadCount-fm (5 handlers)
[GIN-debug] GET    /api/forum/               --> msme-marketplace/internal/handlers.(*ForumHandler).GetThreads-fm (4 handlers)
[GIN-debug] GET    /api/forum/:id            --> msme-marketplace/internal/handlers.(*ForumHandler).GetThread-fm (4 handlers)
[GIN-debug] POST   /api/forum/               --> msme-marketplace/internal/handlers.(*ForumHandler).CreateThread-fm (5 handlers)
[GIN-debug] PUT    /api/forum/:id            --> msme-marketplace/internal/handlers.(*ForumHandler).UpdateThread-fm (5 handlers)
[GIN-debug] DELETE /api/forum/:id            --> msme-marketplace/internal/handlers.(*ForumHandler).DeleteThread-fm (5 handlers)
[GIN-debug] POST   /api/forum/:id/reply      --> msme-marketplace/internal/handlers.(*ForumHandler).CreateReply-fm (5 handlers)
[GIN-debug] POST   /api/forum/:id/like       --> msme-marketplace/internal/handlers.(*ForumHandler).LikeThread-fm (5 handlers)
[GIN-debug] POST   /api/forum/reply/:id/like --> msme-marketplace/internal/handlers.(*ForumHandler).LikeReply-fm (5 handlers)
[GIN-debug] GET    /api/workflows/           --> msme-marketplace/internal/handlers.(*WorkflowHandler).GetWorkflows-fm (5 handlers)
[GIN-debug] POST   /api/workflows/           --> msme-marketplace/internal/handlers.(*WorkflowHandler).CreateWorkflow-fm (5 handlers)
[GIN-debug] PATCH  /api/workflows/:id/toggle --> msme-marketplace/internal/handlers.(*WorkflowHandler).ToggleWorkflow-fm (5 handlers)
[GIN-debug] DELETE /api/workflows/:id        --> msme-marketplace/internal/handlers.(*WorkflowHandler).DeleteWorkflow-fm (5 handlers)
[GIN-debug] POST   /api/webhooks/n8n/callback --> msme-marketplace/internal/handlers.(*WebhookHandler).N8nCallback-fm (4 handlers)
[GIN-debug] POST   /api/webhooks/test        --> msme-marketplace/internal/handlers.(*WebhookHandler).TestWebhook-fm (5 handlers)
[GIN-debug] POST   /api/logo/generate        --> msme-marketplace/internal/handlers.(*LogoHandler).GenerateLogo-fm (5 handlers)
[GIN-debug] GET    /api/logo/history         --> msme-marketplace/internal/handlers.(*LogoHandler).GetLogoHistory-fm (5 handlers)
[GIN-debug] GET    /api/logo/status          --> msme-marketplace/internal/handlers.(*LogoHandler).GetLogoStatus-fm (5 handlers)
[GIN-debug] POST   /api/logo/reset-limit     --> msme-marketplace/internal/handlers.(*LogoHandler).ResetLogoLimit-fm (5 handlers)
[GIN-debug] PUT    /api/logo/select/:logoId  --> msme-marketplace/internal/handlers.(*LogoHandler).SelectLogo-fm (5 handlers)
[GIN-debug] DELETE /api/logo/:logoId         --> msme-marketplace/internal/handlers.(*LogoHandler).DeleteLogo-fm (5 handlers)
[GIN-debug] POST   /api/logo/upload          --> msme-marketplace/internal/handlers.(*LogoHandler).UploadCustomLogo-fm (5 handlers)
[GIN-debug] GET    /api/notifications/       --> msme-marketplace/internal/handlers.(*NotificationHandler).GetNotifications-fm (5 handlers)
[GIN-debug] GET    /api/notifications/unread-count --> msme-marketplace/internal/handlers.(*NotificationHandler).GetUnreadCount-fm (5 handlers)
[GIN-debug] PUT    /api/notifications/:id/read --> msme-marketplace/internal/handlers.(*NotificationHandler).MarkAsRead-fm (5 handlers)
[GIN-debug] PUT    /api/notifications/read-all --> msme-marketplace/internal/handlers.(*NotificationHandler).MarkAllRead-fm (5 handlers)
[GIN-debug] DELETE /api/notifications/:id    --> msme-marketplace/internal/handlers.(*NotificationHandler).Delete-fm (5 handlers)
[GIN-debug] DELETE /api/notifications/delete-all --> msme-marketplace/internal/handlers.(*NotificationHandler).DeleteAll-fm (5 handlers)
[GIN-debug] POST   /api/notifications/test   --> msme-marketplace/internal/handlers.(*NotificationHandler).SendTestNotification-fm (5 handlers)
[GIN-debug] GET    /api/products/:id/reviews --> msme-marketplace/internal/handlers.(*ReviewHandler).GetProductReviews-fm (4 handlers)
[GIN-debug] POST   /api/reviews/             --> msme-marketplace/internal/handlers.(*ReviewHandler).CreateReview-fm (5 handlers)
[GIN-debug] GET    /api/reviews/mine         --> msme-marketplace/internal/handlers.(*ReviewHandler).GetMyReviews-fm (5 handlers)
[GIN-debug] DELETE /api/reviews/:id          --> msme-marketplace/internal/handlers.(*ReviewHandler).DeleteReview-fm (5 handlers)
[GIN-debug] POST   /api/promos/              --> msme-marketplace/internal/handlers.(*PromoHandler).CreatePromo-fm (5 handlers)
[GIN-debug] GET    /api/promos/              --> msme-marketplace/internal/handlers.(*PromoHandler).GetMyPromos-fm (5 handlers)
[GIN-debug] POST   /api/promos/validate      --> msme-marketplace/internal/handlers.(*PromoHandler).ValidatePromo-fm (5 handlers)
[GIN-debug] DELETE /api/promos/:id           --> msme-marketplace/internal/handlers.(*PromoHandler).DeletePromo-fm (5 handlers)
[GIN-debug] GET    /api/analytics/sales      --> msme-marketplace/internal/handlers.(*AnalyticsHandler).GetSalesAnalytics-fm (5 handlers)
[GIN-debug] GET    /api/analytics/recommended --> msme-marketplace/internal/handlers.(*AnalyticsHandler).GetRecommended-fm (5 handlers)
[GIN-debug] POST   /api/reports/             --> msme-marketplace/internal/handlers.(*ReportHandler).CreateReport-fm (5 handlers)
[GIN-debug] GET    /api/reports/             --> msme-marketplace/internal/handlers.(*ReportHandler).GetReports-fm (5 handlers)
[GIN-debug] POST   /api/disputes/            --> msme-marketplace/internal/handlers.(*ReportHandler).CreateDispute-fm (5 handlers)
[GIN-debug] GET    /api/disputes/            --> msme-marketplace/internal/handlers.(*ReportHandler).GetMyDisputes-fm (5 handlers)
[GIN-debug] PUT    /api/disputes/:id/resolve --> msme-marketplace/internal/handlers.(*ReportHandler).ResolveDispute-fm (5 handlers)
[GIN-debug] POST   /api/ai/generate-description --> msme-marketplace/internal/handlers.(*AIHandler).GenerateDescription-fm (5 handlers)
🚀 Server running on port 5000
[GIN-debug] [WARNING] You trusted all proxies, this is NOT safe. We recommend you to set a value.
Please check https://github.com/gin-gonic/gin/blob/master/docs/doc.md#dont-trust-all-proxies for details.
[GIN-debug] Listening and serving HTTP on :5000
